<?xml version="1.0" encoding="UTF-8"?>
<testng-results ignored="0" total="1" passed="1" failed="0" skipped="0">
  <reporter-output>
  </reporter-output>
  <suite started-at="2022-01-06T19:08:37 EST" name="Surefire suite" finished-at="2022-01-06T19:08:37 EST" duration-ms="120">
    <groups>
    </groups>
    <test started-at="2022-01-06T19:08:37 EST" name="Surefire test" finished-at="2022-01-06T19:08:37 EST" duration-ms="120">
      <class name="CucumberPractise.Practise.AppTest">
        <test-method signature="shouldAnswerWithTrue()" started-at="2022-01-06T19:08:37 EST" name="shouldAnswerWithTrue" finished-at="2022-01-06T19:08:37 EST" duration-ms="19" status="PASS">
          <reporter-output>
          </reporter-output>
        </test-method> <!-- shouldAnswerWithTrue -->
      </class> <!-- CucumberPractise.Practise.AppTest -->
    </test> <!-- Surefire test -->
  </suite> <!-- Surefire suite -->
</testng-results>
